<?xml version="1.0" encoding="UTF-8"?>
<!-- Generated by org.testng.reporters.JUnitXMLReporter -->
<testsuite ignored="0" hostname="DESKTOP-9NBI2B1" failures="0" tests="4" name="Default test" time="94.495" errors="0" timestamp="2022-04-07T11:54:14 IST">
  <testcase classname="testClass.VerifyLoginFunctionality" name="verifyLoginCredentials" time="28.149"/>
  <testcase classname="testClass.VerifyLoginFunctionality" name="verifyLoginCredentials" time="24.9"/>
  <testcase classname="testClass.VerifyLoginFunctionality" name="verifyLoginCredentials" time="26.655"/>
  <testcase classname="testClass.VerifyLoginFunctionality" name="verifyLoginCredentials" time="14.702"/>
</testsuite> <!-- Default test -->
