<?xml version="1.0" encoding="UTF-8"?>
<testng-results ignored="0" total="4" passed="4" failed="0" skipped="0">
  <reporter-output>
  </reporter-output>
  <suite started-at="2022-04-07T11:52:39 IST" name="Default suite" finished-at="2022-04-07T11:54:13 IST" duration-ms="94495">
    <groups>
    </groups>
    <test started-at="2022-04-07T11:52:39 IST" name="Default test" finished-at="2022-04-07T11:54:13 IST" duration-ms="94495">
      <class name="testClass.VerifyLoginFunctionality">
        <test-method signature="verifyLoginCredentials(java.lang.String,java.lang.String,java.lang.String)[pri:0, instance:testClass.VerifyLoginFunctionality@4944252c]" started-at="2022-04-07T11:52:39 IST" name="verifyLoginCredentials" data-provider="credentials" finished-at="2022-04-07T11:53:07 IST" duration-ms="28149" status="PASS">
          <params>
            <param index="0">
              <value>
                <![CDATA[Valid1]]>
              </value>
            </param>
            <param index="1">
              <value>
                <![CDATA[wishup_testuser1@gmail.com]]>
              </value>
            </param>
            <param index="2">
              <value>
                <![CDATA[testpw1]]>
              </value>
            </param>
          </params>
          <reporter-output>
          </reporter-output>
        </test-method> <!-- verifyLoginCredentials -->
        <test-method signature="verifyLoginCredentials(java.lang.String,java.lang.String,java.lang.String)[pri:0, instance:testClass.VerifyLoginFunctionality@4944252c]" started-at="2022-04-07T11:53:07 IST" name="verifyLoginCredentials" data-provider="credentials" finished-at="2022-04-07T11:53:32 IST" duration-ms="24900" status="PASS">
          <params>
            <param index="0">
              <value>
                <![CDATA[Valid2]]>
              </value>
            </param>
            <param index="1">
              <value>
                <![CDATA[wishup_testuser3@gmail.com]]>
              </value>
            </param>
            <param index="2">
              <value>
                <![CDATA[testpw3]]>
              </value>
            </param>
          </params>
          <reporter-output>
          </reporter-output>
        </test-method> <!-- verifyLoginCredentials -->
        <test-method signature="verifyLoginCredentials(java.lang.String,java.lang.String,java.lang.String)[pri:0, instance:testClass.VerifyLoginFunctionality@4944252c]" started-at="2022-04-07T11:53:32 IST" name="verifyLoginCredentials" data-provider="credentials" finished-at="2022-04-07T11:53:59 IST" duration-ms="26655" status="PASS">
          <params>
            <param index="0">
              <value>
                <![CDATA[Valid3]]>
              </value>
            </param>
            <param index="1">
              <value>
                <![CDATA[wishup_testuser4@gmail.com]]>
              </value>
            </param>
            <param index="2">
              <value>
                <![CDATA[testpw4]]>
              </value>
            </param>
          </params>
          <reporter-output>
          </reporter-output>
        </test-method> <!-- verifyLoginCredentials -->
        <test-method signature="verifyLoginCredentials(java.lang.String,java.lang.String,java.lang.String)[pri:0, instance:testClass.VerifyLoginFunctionality@4944252c]" started-at="2022-04-07T11:53:59 IST" name="verifyLoginCredentials" data-provider="credentials" finished-at="2022-04-07T11:54:13 IST" duration-ms="14702" status="PASS">
          <params>
            <param index="0">
              <value>
                <![CDATA[Invalid]]>
              </value>
            </param>
            <param index="1">
              <value>
                <![CDATA[wishup_testuser2@gmail.com]]>
              </value>
            </param>
            <param index="2">
              <value>
                <![CDATA[testpw2]]>
              </value>
            </param>
          </params>
          <reporter-output>
          </reporter-output>
        </test-method> <!-- verifyLoginCredentials -->
      </class> <!-- testClass.VerifyLoginFunctionality -->
    </test> <!-- Default test -->
  </suite> <!-- Default suite -->
</testng-results>
